<?xml version="1.0" encoding="UTF-8"?>
<testng-results skipped="0" failed="0" total="2" passed="2">
  <reporter-output>
  </reporter-output>
  <suite name="com.ardublock.MainTest" duration-ms="31" started-at="2018-06-16T19:04:22Z" finished-at="2018-06-16T19:04:22Z">
    <groups>
    </groups>
    <test name="Command line test" duration-ms="31" started-at="2018-06-16T19:04:22Z" finished-at="2018-06-16T19:04:22Z">
      <class name="com.ardublock.MainTest">
        <test-method status="PASS" signature="setUp()[pri:0, instance:com.ardublock.MainTest@f438e]" name="setUp" is-config="true" duration-ms="0" started-at="2018-06-16T19:04:22Z" finished-at="2018-06-16T19:04:22Z">
        </test-method>
        <test-method status="PASS" signature="testFiles()[pri:0, instance:com.ardublock.MainTest@f438e]" name="testFiles" duration-ms="0" started-at="2018-06-16T19:04:22Z" finished-at="2018-06-16T19:04:22Z">
        </test-method>
        <test-method status="PASS" signature="testSingleLoop()[pri:0, instance:com.ardublock.MainTest@f438e]" name="testSingleLoop" duration-ms="0" started-at="2018-06-16T19:04:22Z" finished-at="2018-06-16T19:04:22Z">
        </test-method>
      </class>
    </test>
  </suite>
</testng-results>
